<?xml version="1.0" encoding="UTF-8"?>
<testng-results ignored="0" total="1" passed="1" failed="0" skipped="0">
  <reporter-output>
  </reporter-output>
  <suite started-at="2022-09-09T09:34:01 IST" name="Default suite" finished-at="2022-09-09T09:34:08 IST" duration-ms="7300">
    <groups>
    </groups>
    <test started-at="2022-09-09T09:34:01 IST" name="Default test" finished-at="2022-09-09T09:34:08 IST" duration-ms="7300">
      <class name="cog.dropdown">
        <test-method is-config="true" signature="driverSetup()[pri:0, instance:cog.dropdown@40ef3420]" started-at="2022-09-09T09:34:01 IST" name="driverSetup" finished-at="2022-09-09T09:34:08 IST" duration-ms="7028" status="PASS">
          <reporter-output>
          </reporter-output>
        </test-method> <!-- driverSetup -->
        <test-method signature="DropDown()[pri:0, instance:cog.dropdown@40ef3420]" started-at="2022-09-09T09:34:08 IST" name="DropDown" finished-at="2022-09-09T09:34:08 IST" duration-ms="230" status="PASS">
          <reporter-output>
          </reporter-output>
        </test-method> <!-- DropDown -->
      </class> <!-- cog.dropdown -->
    </test> <!-- Default test -->
  </suite> <!-- Default suite -->
</testng-results>
